<?xml version="1.0" encoding="UTF-8"?>
<testng-results skipped="0" failed="1" ignored="0" total="3" passed="2">
  <reporter-output>
  </reporter-output>
  <suite name="Suite" duration-ms="20600" started-at="2021-03-11T07:43:26Z" finished-at="2021-03-11T07:43:47Z">
    <groups>
    </groups>
    <test name="Validating Title" duration-ms="13708" started-at="2021-03-11T07:43:26Z" finished-at="2021-03-11T07:43:40Z">
      <class name="WebUiAutomation.ValidateTitle">
        <test-method status="PASS" signature="initialize()[pri:0, instance:WebUiAutomation.ValidateTitle@5c5eefef]" name="initialize" is-config="true" duration-ms="11754" started-at="2021-03-11T07:43:26Z" finished-at="2021-03-11T07:43:38Z">
          <reporter-output>
          </reporter-output>
        </test-method> <!-- initialize -->
        <test-method status="FAIL" signature="ShowTitle()[pri:0, instance:WebUiAutomation.ValidateTitle@5c5eefef]" name="ShowTitle" duration-ms="152" started-at="2021-03-11T07:43:38Z" finished-at="2021-03-11T07:43:38Z">
          <exception class="java.lang.AssertionError">
            <message>
              <![CDATA[expected [FEATURED COURSES123] but found [FEATURED COURSES]]]>
            </message>
            <full-stacktrace>
              <![CDATA[java.lang.AssertionError: expected [FEATURED COURSES123] but found [FEATURED COURSES]
at org.testng.Assert.fail(Assert.java:96)
at org.testng.Assert.failNotEquals(Assert.java:776)
at org.testng.Assert.assertEqualsImpl(Assert.java:137)
at org.testng.Assert.assertEquals(Assert.java:118)
at org.testng.Assert.assertEquals(Assert.java:453)
at org.testng.Assert.assertEquals(Assert.java:463)
at WebUiAutomation.ValidateTitle.ShowTitle(ValidateTitle.java:33)
at sun.reflect.NativeMethodAccessorImpl.invoke0(Native Method)
at sun.reflect.NativeMethodAccessorImpl.invoke(Unknown Source)
at sun.reflect.DelegatingMethodAccessorImpl.invoke(Unknown Source)
at java.lang.reflect.Method.invoke(Unknown Source)
at org.testng.internal.MethodInvocationHelper.invokeMethod(MethodInvocationHelper.java:124)
at org.testng.internal.Invoker.invokeMethod(Invoker.java:583)
at org.testng.internal.Invoker.invokeTestMethod(Invoker.java:719)
at org.testng.internal.Invoker.invokeTestMethods(Invoker.java:989)
at org.testng.internal.TestMethodWorker.invokeTestMethods(TestMethodWorker.java:125)
at org.testng.internal.TestMethodWorker.run(TestMethodWorker.java:109)
at org.testng.TestRunner.privateRun(TestRunner.java:648)
at org.testng.TestRunner.run(TestRunner.java:505)
at org.testng.SuiteRunner.runTest(SuiteRunner.java:455)
at org.testng.SuiteRunner.access$000(SuiteRunner.java:40)
at org.testng.SuiteRunner$SuiteWorker.run(SuiteRunner.java:489)
at org.testng.internal.thread.ThreadUtil$1.call(ThreadUtil.java:52)
at java.util.concurrent.FutureTask.run(Unknown Source)
at java.util.concurrent.ThreadPoolExecutor.runWorker(Unknown Source)
at java.util.concurrent.ThreadPoolExecutor$Worker.run(Unknown Source)
at java.lang.Thread.run(Unknown Source)
]]>
            </full-stacktrace>
          </exception> <!-- java.lang.AssertionError -->
          <reporter-output>
          </reporter-output>
        </test-method> <!-- ShowTitle -->
        <test-method status="PASS" signature="teardown()[pri:0, instance:WebUiAutomation.ValidateTitle@5c5eefef]" name="teardown" is-config="true" duration-ms="322" started-at="2021-03-11T07:43:39Z" finished-at="2021-03-11T07:43:40Z">
          <reporter-output>
          </reporter-output>
        </test-method> <!-- teardown -->
      </class> <!-- WebUiAutomation.ValidateTitle -->
    </test> <!-- Validating Title -->
    <test name="Validating Home page" duration-ms="20600" started-at="2021-03-11T07:43:26Z" finished-at="2021-03-11T07:43:47Z">
      <class name="WebUiAutomation.HomePage">
        <test-method status="PASS" signature="initialize()[pri:0, instance:WebUiAutomation.HomePage@59662a0b]" name="initialize" is-config="true" duration-ms="8744" started-at="2021-03-11T07:43:26Z" finished-at="2021-03-11T07:43:35Z">
          <reporter-output>
          </reporter-output>
        </test-method> <!-- initialize -->
        <test-method status="PASS" signature="basePageNavigation(java.lang.String, java.lang.String)[pri:0, instance:WebUiAutomation.HomePage@59662a0b]" name="basePageNavigation" duration-ms="7843" started-at="2021-03-11T07:43:35Z" data-provider="getData" finished-at="2021-03-11T07:43:43Z">
          <params>
            <param index="0">
              <value>
                <![CDATA[nonrestricted@xyz.com]]>
              </value>
            </param>
            <param index="1">
              <value>
                <![CDATA[nonrestrictedpass]]>
              </value>
            </param>
          </params>
          <reporter-output>
          </reporter-output>
        </test-method> <!-- basePageNavigation -->
        <test-method status="PASS" signature="basePageNavigation(java.lang.String, java.lang.String)[pri:0, instance:WebUiAutomation.HomePage@59662a0b]" name="basePageNavigation" duration-ms="3802" started-at="2021-03-11T07:43:43Z" data-provider="getData" finished-at="2021-03-11T07:43:47Z">
          <params>
            <param index="0">
              <value>
                <![CDATA[restricted@xyz.com]]>
              </value>
            </param>
            <param index="1">
              <value>
                <![CDATA[restrictedpass]]>
              </value>
            </param>
          </params>
          <reporter-output>
          </reporter-output>
        </test-method> <!-- basePageNavigation -->
        <test-method status="PASS" signature="teardown()[pri:0, instance:WebUiAutomation.HomePage@59662a0b]" name="teardown" is-config="true" duration-ms="152" started-at="2021-03-11T07:43:47Z" finished-at="2021-03-11T07:43:47Z">
          <reporter-output>
          </reporter-output>
        </test-method> <!-- teardown -->
      </class> <!-- WebUiAutomation.HomePage -->
    </test> <!-- Validating Home page -->
  </suite> <!-- Suite -->
</testng-results>
